The system is: Darwin - 13.2.0 - i386
Compiling the C compiler identification source file "CMakeCCompilerId.c" succeeded.
Compiler: /usr/bin/cc 
Build flags: 
Id flags: 

The output was:
0


Compilation of the C compiler identification source "CMakeCCompilerId.c" produced "a.out"

The C compiler identification is Clang, found in "/Users/ken/workspace/git/Landsat.Wavelet/C++/CMakeFiles/2.8.12.2/CompilerIdC/a.out"

Compiling the CXX compiler identification source file "CMakeCXXCompilerId.cpp" succeeded.
Compiler: /usr/bin/c++ 
Build flags: 
Id flags: 

The output was:
0


Compilation of the CXX compiler identification source "CMakeCXXCompilerId.cpp" produced "a.out"

The CXX compiler identification is Clang, found in "/Users/ken/workspace/git/Landsat.Wavelet/C++/CMakeFiles/2.8.12.2/CompilerIdCXX/a.out"

Determining if the C compiler works passed with the following output:
Change Dir: /Users/ken/workspace/git/Landsat.Wavelet/C++/CMakeFiles/CMakeTmp

Run Build Command:/opt/local/bin/gmake "cmTryCompileExec3337246632/fast"
/opt/local/bin/gmake -f CMakeFiles/cmTryCompileExec3337246632.dir/build.make CMakeFiles/cmTryCompileExec3337246632.dir/build
gmake[1]: Entering directory '/Users/ken/workspace/git/Landsat.Wavelet/C++/CMakeFiles/CMakeTmp'
/opt/local/bin/cmake -E cmake_progress_report /Users/ken/workspace/git/Landsat.Wavelet/C++/CMakeFiles/CMakeTmp/CMakeFiles 1
Building C object CMakeFiles/cmTryCompileExec3337246632.dir/testCCompiler.c.o
/usr/bin/cc    -o CMakeFiles/cmTryCompileExec3337246632.dir/testCCompiler.c.o   -c /Users/ken/workspace/git/Landsat.Wavelet/C++/CMakeFiles/CMakeTmp/testCCompiler.c
Linking C executable cmTryCompileExec3337246632
/opt/local/bin/cmake -E cmake_link_script CMakeFiles/cmTryCompileExec3337246632.dir/link.txt --verbose=1
/usr/bin/cc    -Wl,-search_paths_first -Wl,-headerpad_max_install_names   CMakeFiles/cmTryCompileExec3337246632.dir/testCCompiler.c.o  -o cmTryCompileExec3337246632  
gmake[1]: Leaving directory '/Users/ken/workspace/git/Landsat.Wavelet/C++/CMakeFiles/CMakeTmp'


Detecting C compiler ABI info compiled with the following output:
Change Dir: /Users/ken/workspace/git/Landsat.Wavelet/C++/CMakeFiles/CMakeTmp

Run Build Command:/opt/local/bin/gmake "cmTryCompileExec595202845/fast"
/opt/local/bin/gmake -f CMakeFiles/cmTryCompileExec595202845.dir/build.make CMakeFiles/cmTryCompileExec595202845.dir/build
gmake[1]: Entering directory '/Users/ken/workspace/git/Landsat.Wavelet/C++/CMakeFiles/CMakeTmp'
/opt/local/bin/cmake -E cmake_progress_report /Users/ken/workspace/git/Landsat.Wavelet/C++/CMakeFiles/CMakeTmp/CMakeFiles 1
Building C object CMakeFiles/cmTryCompileExec595202845.dir/CMakeCCompilerABI.c.o
/usr/bin/cc    -o CMakeFiles/cmTryCompileExec595202845.dir/CMakeCCompilerABI.c.o   -c /opt/local/share/cmake-2.8/Modules/CMakeCCompilerABI.c
Linking C executable cmTryCompileExec595202845
/opt/local/bin/cmake -E cmake_link_script CMakeFiles/cmTryCompileExec595202845.dir/link.txt --verbose=1
/usr/bin/cc    -Wl,-search_paths_first -Wl,-headerpad_max_install_names -v -Wl,-v CMakeFiles/cmTryCompileExec595202845.dir/CMakeCCompilerABI.c.o  -o cmTryCompileExec595202845   
Apple LLVM version 5.1 (clang-503.0.40) (based on LLVM 3.4svn)
Target: x86_64-apple-darwin13.2.0
Thread model: posix
 "/Applications/Xcode.app/Contents/Developer/Toolchains/XcodeDefault.xctoolchain/usr/bin/ld" -demangle -dynamic -arch x86_64 -macosx_version_min 10.9.0 -o cmTryCompileExec595202845 -search_paths_first -headerpad_max_install_names -v CMakeFiles/cmTryCompileExec595202845.dir/CMakeCCompilerABI.c.o -lSystem /Applications/Xcode.app/Contents/Developer/Toolchains/XcodeDefault.xctoolchain/usr/bin/../lib/clang/5.1/lib/darwin/libclang_rt.osx.a
@(#)PROGRAM:ld  PROJECT:ld64-236.4
configured to support archs: armv6 armv7 armv7s arm64 i386 x86_64 armv6m armv7m armv7em
Library search paths:
	/usr/lib
	/usr/local/lib
Framework search paths:
	/Library/Frameworks/
	/System/Library/Frameworks/
gmake[1]: Leaving directory '/Users/ken/workspace/git/Landsat.Wavelet/C++/CMakeFiles/CMakeTmp'


Parsed C implicit link information from above output:
  link line regex: [^( *|.*[/\])(ld|([^/\]+-)?ld|collect2)[^/\]*( |$)]
  ignore line: [Change Dir: /Users/ken/workspace/git/Landsat.Wavelet/C++/CMakeFiles/CMakeTmp]
  ignore line: []
  ignore line: [Run Build Command:/opt/local/bin/gmake "cmTryCompileExec595202845/fast"]
  ignore line: [/opt/local/bin/gmake -f CMakeFiles/cmTryCompileExec595202845.dir/build.make CMakeFiles/cmTryCompileExec595202845.dir/build]
  ignore line: [gmake[1]: Entering directory '/Users/ken/workspace/git/Landsat.Wavelet/C++/CMakeFiles/CMakeTmp']
  ignore line: [/opt/local/bin/cmake -E cmake_progress_report /Users/ken/workspace/git/Landsat.Wavelet/C++/CMakeFiles/CMakeTmp/CMakeFiles 1]
  ignore line: [Building C object CMakeFiles/cmTryCompileExec595202845.dir/CMakeCCompilerABI.c.o]
  ignore line: [/usr/bin/cc    -o CMakeFiles/cmTryCompileExec595202845.dir/CMakeCCompilerABI.c.o   -c /opt/local/share/cmake-2.8/Modules/CMakeCCompilerABI.c]
  ignore line: [Linking C executable cmTryCompileExec595202845]
  ignore line: [/opt/local/bin/cmake -E cmake_link_script CMakeFiles/cmTryCompileExec595202845.dir/link.txt --verbose=1]
  ignore line: [/usr/bin/cc    -Wl,-search_paths_first -Wl,-headerpad_max_install_names -v -Wl,-v CMakeFiles/cmTryCompileExec595202845.dir/CMakeCCompilerABI.c.o  -o cmTryCompileExec595202845   ]
  ignore line: [Apple LLVM version 5.1 (clang-503.0.40) (based on LLVM 3.4svn)]
  ignore line: [Target: x86_64-apple-darwin13.2.0]
  ignore line: [Thread model: posix]
  link line: [ "/Applications/Xcode.app/Contents/Developer/Toolchains/XcodeDefault.xctoolchain/usr/bin/ld" -demangle -dynamic -arch x86_64 -macosx_version_min 10.9.0 -o cmTryCompileExec595202845 -search_paths_first -headerpad_max_install_names -v CMakeFiles/cmTryCompileExec595202845.dir/CMakeCCompilerABI.c.o -lSystem /Applications/Xcode.app/Contents/Developer/Toolchains/XcodeDefault.xctoolchain/usr/bin/../lib/clang/5.1/lib/darwin/libclang_rt.osx.a]
    arg [/Applications/Xcode.app/Contents/Developer/Toolchains/XcodeDefault.xctoolchain/usr/bin/ld] ==> ignore
    arg [-demangle] ==> ignore
    arg [-dynamic] ==> ignore
    arg [-arch] ==> ignore
    arg [x86_64] ==> ignore
    arg [-macosx_version_min] ==> ignore
    arg [10.9.0] ==> ignore
    arg [-o] ==> ignore
    arg [cmTryCompileExec595202845] ==> ignore
    arg [-search_paths_first] ==> ignore
    arg [-headerpad_max_install_names] ==> ignore
    arg [-v] ==> ignore
    arg [CMakeFiles/cmTryCompileExec595202845.dir/CMakeCCompilerABI.c.o] ==> ignore
    arg [-lSystem] ==> lib [System]
    arg [/Applications/Xcode.app/Contents/Developer/Toolchains/XcodeDefault.xctoolchain/usr/bin/../lib/clang/5.1/lib/darwin/libclang_rt.osx.a] ==> lib [/Applications/Xcode.app/Contents/Developer/Toolchains/XcodeDefault.xctoolchain/usr/bin/../lib/clang/5.1/lib/darwin/libclang_rt.osx.a]
  Library search paths: [;/usr/lib;/usr/local/lib]
  Framework search paths: [;/Library/Frameworks/;/System/Library/Frameworks/]
  remove lib [System]
  collapse lib [/Applications/Xcode.app/Contents/Developer/Toolchains/XcodeDefault.xctoolchain/usr/bin/../lib/clang/5.1/lib/darwin/libclang_rt.osx.a] ==> [/Applications/Xcode.app/Contents/Developer/Toolchains/XcodeDefault.xctoolchain/usr/lib/clang/5.1/lib/darwin/libclang_rt.osx.a]
  collapse library dir [/usr/lib] ==> [/usr/lib]
  collapse library dir [/usr/local/lib] ==> [/usr/local/lib]
  collapse framework dir [/Library/Frameworks/] ==> [/Library/Frameworks]
  collapse framework dir [/System/Library/Frameworks/] ==> [/System/Library/Frameworks]
  implicit libs: [/Applications/Xcode.app/Contents/Developer/Toolchains/XcodeDefault.xctoolchain/usr/lib/clang/5.1/lib/darwin/libclang_rt.osx.a]
  implicit dirs: [/usr/lib;/usr/local/lib]
  implicit fwks: [/Library/Frameworks;/System/Library/Frameworks]


Determining if the CXX compiler works passed with the following output:
Change Dir: /Users/ken/workspace/git/Landsat.Wavelet/C++/CMakeFiles/CMakeTmp

Run Build Command:/opt/local/bin/gmake "cmTryCompileExec281249756/fast"
/opt/local/bin/gmake -f CMakeFiles/cmTryCompileExec281249756.dir/build.make CMakeFiles/cmTryCompileExec281249756.dir/build
gmake[1]: Entering directory '/Users/ken/workspace/git/Landsat.Wavelet/C++/CMakeFiles/CMakeTmp'
/opt/local/bin/cmake -E cmake_progress_report /Users/ken/workspace/git/Landsat.Wavelet/C++/CMakeFiles/CMakeTmp/CMakeFiles 1
Building CXX object CMakeFiles/cmTryCompileExec281249756.dir/testCXXCompiler.cxx.o
/usr/bin/c++     -o CMakeFiles/cmTryCompileExec281249756.dir/testCXXCompiler.cxx.o -c /Users/ken/workspace/git/Landsat.Wavelet/C++/CMakeFiles/CMakeTmp/testCXXCompiler.cxx
Linking CXX executable cmTryCompileExec281249756
/opt/local/bin/cmake -E cmake_link_script CMakeFiles/cmTryCompileExec281249756.dir/link.txt --verbose=1
/usr/bin/c++     -Wl,-search_paths_first -Wl,-headerpad_max_install_names   CMakeFiles/cmTryCompileExec281249756.dir/testCXXCompiler.cxx.o  -o cmTryCompileExec281249756  
gmake[1]: Leaving directory '/Users/ken/workspace/git/Landsat.Wavelet/C++/CMakeFiles/CMakeTmp'


Detecting CXX compiler ABI info compiled with the following output:
Change Dir: /Users/ken/workspace/git/Landsat.Wavelet/C++/CMakeFiles/CMakeTmp

Run Build Command:/opt/local/bin/gmake "cmTryCompileExec2587724929/fast"
/opt/local/bin/gmake -f CMakeFiles/cmTryCompileExec2587724929.dir/build.make CMakeFiles/cmTryCompileExec2587724929.dir/build
gmake[1]: Entering directory '/Users/ken/workspace/git/Landsat.Wavelet/C++/CMakeFiles/CMakeTmp'
/opt/local/bin/cmake -E cmake_progress_report /Users/ken/workspace/git/Landsat.Wavelet/C++/CMakeFiles/CMakeTmp/CMakeFiles 1
Building CXX object CMakeFiles/cmTryCompileExec2587724929.dir/CMakeCXXCompilerABI.cpp.o
/usr/bin/c++     -o CMakeFiles/cmTryCompileExec2587724929.dir/CMakeCXXCompilerABI.cpp.o -c /opt/local/share/cmake-2.8/Modules/CMakeCXXCompilerABI.cpp
Linking CXX executable cmTryCompileExec2587724929
/opt/local/bin/cmake -E cmake_link_script CMakeFiles/cmTryCompileExec2587724929.dir/link.txt --verbose=1
/usr/bin/c++     -Wl,-search_paths_first -Wl,-headerpad_max_install_names -v -Wl,-v CMakeFiles/cmTryCompileExec2587724929.dir/CMakeCXXCompilerABI.cpp.o  -o cmTryCompileExec2587724929   
Apple LLVM version 5.1 (clang-503.0.40) (based on LLVM 3.4svn)
Target: x86_64-apple-darwin13.2.0
Thread model: posix
 "/Applications/Xcode.app/Contents/Developer/Toolchains/XcodeDefault.xctoolchain/usr/bin/ld" -demangle -dynamic -arch x86_64 -macosx_version_min 10.9.0 -o cmTryCompileExec2587724929 -search_paths_first -headerpad_max_install_names -v CMakeFiles/cmTryCompileExec2587724929.dir/CMakeCXXCompilerABI.cpp.o -lc++ -lSystem /Applications/Xcode.app/Contents/Developer/Toolchains/XcodeDefault.xctoolchain/usr/bin/../lib/clang/5.1/lib/darwin/libclang_rt.osx.a
@(#)PROGRAM:ld  PROJECT:ld64-236.4
configured to support archs: armv6 armv7 armv7s arm64 i386 x86_64 armv6m armv7m armv7em
Library search paths:
	/usr/lib
	/usr/local/lib
Framework search paths:
	/Library/Frameworks/
	/System/Library/Frameworks/
gmake[1]: Leaving directory '/Users/ken/workspace/git/Landsat.Wavelet/C++/CMakeFiles/CMakeTmp'


Parsed CXX implicit link information from above output:
  link line regex: [^( *|.*[/\])(ld|([^/\]+-)?ld|collect2)[^/\]*( |$)]
  ignore line: [Change Dir: /Users/ken/workspace/git/Landsat.Wavelet/C++/CMakeFiles/CMakeTmp]
  ignore line: []
  ignore line: [Run Build Command:/opt/local/bin/gmake "cmTryCompileExec2587724929/fast"]
  ignore line: [/opt/local/bin/gmake -f CMakeFiles/cmTryCompileExec2587724929.dir/build.make CMakeFiles/cmTryCompileExec2587724929.dir/build]
  ignore line: [gmake[1]: Entering directory '/Users/ken/workspace/git/Landsat.Wavelet/C++/CMakeFiles/CMakeTmp']
  ignore line: [/opt/local/bin/cmake -E cmake_progress_report /Users/ken/workspace/git/Landsat.Wavelet/C++/CMakeFiles/CMakeTmp/CMakeFiles 1]
  ignore line: [Building CXX object CMakeFiles/cmTryCompileExec2587724929.dir/CMakeCXXCompilerABI.cpp.o]
  ignore line: [/usr/bin/c++     -o CMakeFiles/cmTryCompileExec2587724929.dir/CMakeCXXCompilerABI.cpp.o -c /opt/local/share/cmake-2.8/Modules/CMakeCXXCompilerABI.cpp]
  ignore line: [Linking CXX executable cmTryCompileExec2587724929]
  ignore line: [/opt/local/bin/cmake -E cmake_link_script CMakeFiles/cmTryCompileExec2587724929.dir/link.txt --verbose=1]
  ignore line: [/usr/bin/c++     -Wl,-search_paths_first -Wl,-headerpad_max_install_names -v -Wl,-v CMakeFiles/cmTryCompileExec2587724929.dir/CMakeCXXCompilerABI.cpp.o  -o cmTryCompileExec2587724929   ]
  ignore line: [Apple LLVM version 5.1 (clang-503.0.40) (based on LLVM 3.4svn)]
  ignore line: [Target: x86_64-apple-darwin13.2.0]
  ignore line: [Thread model: posix]
  link line: [ "/Applications/Xcode.app/Contents/Developer/Toolchains/XcodeDefault.xctoolchain/usr/bin/ld" -demangle -dynamic -arch x86_64 -macosx_version_min 10.9.0 -o cmTryCompileExec2587724929 -search_paths_first -headerpad_max_install_names -v CMakeFiles/cmTryCompileExec2587724929.dir/CMakeCXXCompilerABI.cpp.o -lc++ -lSystem /Applications/Xcode.app/Contents/Developer/Toolchains/XcodeDefault.xctoolchain/usr/bin/../lib/clang/5.1/lib/darwin/libclang_rt.osx.a]
    arg [/Applications/Xcode.app/Contents/Developer/Toolchains/XcodeDefault.xctoolchain/usr/bin/ld] ==> ignore
    arg [-demangle] ==> ignore
    arg [-dynamic] ==> ignore
    arg [-arch] ==> ignore
    arg [x86_64] ==> ignore
    arg [-macosx_version_min] ==> ignore
    arg [10.9.0] ==> ignore
    arg [-o] ==> ignore
    arg [cmTryCompileExec2587724929] ==> ignore
    arg [-search_paths_first] ==> ignore
    arg [-headerpad_max_install_names] ==> ignore
    arg [-v] ==> ignore
    arg [CMakeFiles/cmTryCompileExec2587724929.dir/CMakeCXXCompilerABI.cpp.o] ==> ignore
    arg [-lc++] ==> lib [c++]
    arg [-lSystem] ==> lib [System]
    arg [/Applications/Xcode.app/Contents/Developer/Toolchains/XcodeDefault.xctoolchain/usr/bin/../lib/clang/5.1/lib/darwin/libclang_rt.osx.a] ==> lib [/Applications/Xcode.app/Contents/Developer/Toolchains/XcodeDefault.xctoolchain/usr/bin/../lib/clang/5.1/lib/darwin/libclang_rt.osx.a]
  Library search paths: [;/usr/lib;/usr/local/lib]
  Framework search paths: [;/Library/Frameworks/;/System/Library/Frameworks/]
  remove lib [System]
  collapse lib [/Applications/Xcode.app/Contents/Developer/Toolchains/XcodeDefault.xctoolchain/usr/bin/../lib/clang/5.1/lib/darwin/libclang_rt.osx.a] ==> [/Applications/Xcode.app/Contents/Developer/Toolchains/XcodeDefault.xctoolchain/usr/lib/clang/5.1/lib/darwin/libclang_rt.osx.a]
  collapse library dir [/usr/lib] ==> [/usr/lib]
  collapse library dir [/usr/local/lib] ==> [/usr/local/lib]
  collapse framework dir [/Library/Frameworks/] ==> [/Library/Frameworks]
  collapse framework dir [/System/Library/Frameworks/] ==> [/System/Library/Frameworks]
  implicit libs: [c++;/Applications/Xcode.app/Contents/Developer/Toolchains/XcodeDefault.xctoolchain/usr/lib/clang/5.1/lib/darwin/libclang_rt.osx.a]
  implicit dirs: [/usr/lib;/usr/local/lib]
  implicit fwks: [/Library/Frameworks;/System/Library/Frameworks]


